<?xml version="1.0" encoding="UTF-8"?>
<!-- Generated by org.testng.reporters.JUnitXMLReporter -->
<testsuite hostname="KAPPO-NOTE" ignored="0" name="Surefire test" tests="15" failures="3" timestamp="2021-02-17T09:56:37 BRT" time="6.236" errors="0">
  <testcase name="runScenario" time="4.386" classname="io.cucumber.testng.AbstractTestNGCucumberTests"/>
  <testcase name="runScenario" time="0.071" classname="io.cucumber.testng.AbstractTestNGCucumberTests"/>
  <testcase name="runScenario" time="0.051" classname="io.cucumber.testng.AbstractTestNGCucumberTests"/>
  <testcase name="runScenario" time="0.06" classname="io.cucumber.testng.AbstractTestNGCucumberTests"/>
  <testcase name="runScenario" time="0.055" classname="io.cucumber.testng.AbstractTestNGCucumberTests"/>
  <testcase name="runScenario" time="0.136" classname="io.cucumber.testng.AbstractTestNGCucumberTests">
    <failure type="java.lang.AssertionError" message="expected:&amp;lt;400&amp;gt; but was:&amp;lt;500&amp;gt;">
      <![CDATA[java.lang.AssertionError: expected:<400> but was:<500>
at org.junit.Assert.fail(Assert.java:89)
at org.junit.Assert.failNotEquals(Assert.java:835)
at org.junit.Assert.assertEquals(Assert.java:647)
at org.junit.Assert.assertEquals(Assert.java:633)
at steps.StepDefinitions.validarStatusCode(StepDefinitions.java:66)
at ✽.Eu devo verificar que o HTTP StatusCode retornado é 400(file:///home/mkapobianco/Projects/TestesAutomatizadosBrasilPrev/src/test/java/features/CadastrarClientes.feature:41)
]]>
    </failure>
  </testcase> <!-- runScenario -->
  <testcase name="runScenario" time="0.04" classname="io.cucumber.testng.AbstractTestNGCucumberTests">
    <failure type="java.lang.AssertionError" message="expected:&amp;lt;400&amp;gt; but was:&amp;lt;500&amp;gt;">
      <![CDATA[java.lang.AssertionError: expected:<400> but was:<500>
at org.junit.Assert.fail(Assert.java:89)
at org.junit.Assert.failNotEquals(Assert.java:835)
at org.junit.Assert.assertEquals(Assert.java:647)
at org.junit.Assert.assertEquals(Assert.java:633)
at steps.StepDefinitions.validarStatusCode(StepDefinitions.java:66)
at ✽.Eu devo verificar que o HTTP StatusCode retornado é 400(file:///home/mkapobianco/Projects/TestesAutomatizadosBrasilPrev/src/test/java/features/CadastrarClientes.feature:48)
]]>
    </failure>
  </testcase> <!-- runScenario -->
  <testcase name="runScenario" time="0.04" classname="io.cucumber.testng.AbstractTestNGCucumberTests"/>
  <testcase name="runScenario" time="0.065" classname="io.cucumber.testng.AbstractTestNGCucumberTests">
    <failure type="java.lang.AssertionError" message="expected:&amp;lt;400&amp;gt; but was:&amp;lt;201&amp;gt;">
      <![CDATA[java.lang.AssertionError: expected:<400> but was:<201>
at org.junit.Assert.fail(Assert.java:89)
at org.junit.Assert.failNotEquals(Assert.java:835)
at org.junit.Assert.assertEquals(Assert.java:647)
at org.junit.Assert.assertEquals(Assert.java:633)
at steps.StepDefinitions.validarStatusCode(StepDefinitions.java:66)
at ✽.Eu devo verificar que o HTTP StatusCode retornado é 400(file:///home/mkapobianco/Projects/TestesAutomatizadosBrasilPrev/src/test/java/features/CadastrarClientes.feature:61)
]]>
    </failure>
  </testcase> <!-- runScenario -->
  <testcase name="runScenario" time="0.203" classname="io.cucumber.testng.AbstractTestNGCucumberTests"/>
  <testcase name="runScenario" time="0.032" classname="io.cucumber.testng.AbstractTestNGCucumberTests"/>
  <testcase name="runScenario" time="0.03" classname="io.cucumber.testng.AbstractTestNGCucumberTests"/>
  <testcase name="runScenario" time="0.035" classname="io.cucumber.testng.AbstractTestNGCucumberTests"/>
  <testcase name="runScenario" time="0.037" classname="io.cucumber.testng.AbstractTestNGCucumberTests"/>
  <testcase name="runScenario" time="0.018" classname="io.cucumber.testng.AbstractTestNGCucumberTests"/>
</testsuite> <!-- Surefire test -->
