<?xml version="1.0" encoding="UTF-8"?>
<testsuite xmlns:xsi="http://www.w3.org/2001/XMLSchema-instance" xsi:noNamespaceSchemaLocation="https://maven.apache.org/surefire/maven-surefire-plugin/xsd/surefire-test-report-3.0.xsd" version="3.0" name="runner.TestRunner" time="6.737" tests="15" errors="0" skipped="0" failures="3">
  <properties>
[...]
</properties>
  <testcase name="runScenario[&quot;Cadastrar um novo cliente&quot;, &quot;Optional[Cadastrar Novos Clientes]&quot;](1)" classname="runner.TestRunner" time="4.405">
    <system-out><![CDATA[
@FullTesting @SmokeTesting
Scenario: Cadastrar um novo cliente                                             &amp#27;[90m# src/test/java/features/CadastrarClientes.feature:5&amp#27;[0m
  &amp#27;[32mGiven &amp#27;[0m&amp#27;[32mEu tenha acesso ao endpoint &amp#27;[0m&amp#27;[32m&amp#27;[1m/pessoas&amp#27;[0m                                    &amp#27;[90m# steps.StepDefinitions.setUp(java.lang.String)&amp#27;[0m
  &amp#27;[32mWhen &amp#27;[0m&amp#27;[32mEu adicionar um cliente usando metodo POST&amp#27;[0m                               &amp#27;[90m# steps.StepDefinitions.cadastrarNovoCliente()&amp#27;[0m
  &amp#27;[32mThen &amp#27;[0m&amp#27;[32mEu devo verificar que o HTTP StatusCode retornado é &amp#27;[0m&amp#27;[32m&amp#27;[1m201&amp#27;[0m                  &amp#27;[90m# steps.StepDefinitions.validarStatusCode(int)&amp#27;[0m
  &amp#27;[32mAnd &amp#27;[0m&amp#27;[32mEu devo ver que o corpo de resposta retornado esta dentro do especificado&amp#27;[0m &amp#27;[90m# steps.StepDefinitions.validarCadastroDeNovoCliente()&amp#27;[0m
]]></system-out>
  </testcase>
  <testcase name="runScenario[&quot;Cadastrar cliente utilizando um CPF já cadastrado&quot;, &quot;Optional[Cadastrar Novos Clientes]&quot;](2)" classname="runner.TestRunner" time="0.054">
    <system-out><![CDATA[
@FullTesting @NegativeTesting
Scenario: Cadastrar cliente utilizando um CPF já cadastrado                              &amp#27;[90m# src/test/java/features/CadastrarClientes.feature:12&amp#27;[0m
  &amp#27;[32mGiven &amp#27;[0m&amp#27;[32mEu tenha acesso ao endpoint &amp#27;[0m&amp#27;[32m&amp#27;[1m/pessoas&amp#27;[0m                                             &amp#27;[90m# steps.StepDefinitions.setUp(java.lang.String)&amp#27;[0m
  &amp#27;[32mWhen &amp#27;[0m&amp#27;[32mEu adicionar um cliente usando metodo POST&amp#27;[0m                                        &amp#27;[90m# steps.StepDefinitions.cadastrarNovoCliente()&amp#27;[0m
  &amp#27;[32mThen &amp#27;[0m&amp#27;[32mEu devo verificar que o HTTP StatusCode retornado é &amp#27;[0m&amp#27;[32m&amp#27;[1m400&amp#27;[0m                           &amp#27;[90m# steps.StepDefinitions.validarStatusCode(int)&amp#27;[0m
  &amp#27;[32mAnd &amp#27;[0m&amp#27;[32mEu devo ver a mensagem de erro &amp#27;[0m&amp#27;[32m&amp#27;[1m"Já existe pessoa cadastrada com o CPF 12345678909"&amp#27;[0m &amp#27;[90m# steps.StepDefinitions.validarMensagemDeErro(java.lang.String)&amp#27;[0m
]]></system-out>
  </testcase>
  <testcase name="runScenario[&quot;Cadastrar cliente utilizando um Telefone já cadastrado&quot;, &quot;Optional[Cadastrar Novos Clientes]&quot;](3)" classname="runner.TestRunner" time="0.064">
    <system-out><![CDATA[
@FullTesting @NegativeTesting
Scenario: Cadastrar cliente utilizando um Telefone já cadastrado                                            &amp#27;[90m# src/test/java/features/CadastrarClientes.feature:19&amp#27;[0m
  &amp#27;[32mGiven &amp#27;[0m&amp#27;[32mEu tenha acesso ao endpoint &amp#27;[0m&amp#27;[32m&amp#27;[1m/pessoas&amp#27;[0m                                                                &amp#27;[90m# steps.StepDefinitions.setUp(java.lang.String)&amp#27;[0m
  &amp#27;[32mWhen &amp#27;[0m&amp#27;[32mEu adicionar um cliente usando metodo POST com CPF nunca cadastrado porém com telefone já cadastrado&amp#27;[0m &amp#27;[90m# steps.StepDefinitions.cadastrarNovoClienteComTelefoneJaCadastrado()&amp#27;[0m
  &amp#27;[32mThen &amp#27;[0m&amp#27;[32mEu devo verificar que o HTTP StatusCode retornado é &amp#27;[0m&amp#27;[32m&amp#27;[1m400&amp#27;[0m                                              &amp#27;[90m# steps.StepDefinitions.validarStatusCode(int)&amp#27;[0m
  &amp#27;[32mAnd &amp#27;[0m&amp#27;[32mEu devo ver a mensagem de erro &amp#27;[0m&amp#27;[32m&amp#27;[1m"Já existe pessoa cadastrada com o Telefone (11)985388877"&amp#27;[0m             &amp#27;[90m# steps.StepDefinitions.validarMensagemDeErro(java.lang.String)&amp#27;[0m
]]></system-out>
  </testcase>
  <testcase name="runScenario[&quot;Cadastrar um novo cliente com header da request incompleto&quot;, &quot;Optional[Cadastrar Novos Clientes]&quot;](4)" classname="runner.TestRunner" time="0.069">
    <system-out><![CDATA[
@FullTesting @NegativeTesting
Scenario: Cadastrar um novo cliente com header da request incompleto               &amp#27;[90m# src/test/java/features/CadastrarClientes.feature:26&amp#27;[0m
  &amp#27;[32mGiven &amp#27;[0m&amp#27;[32mEu tenha acesso ao endpoint &amp#27;[0m&amp#27;[32m&amp#27;[1m/pessoas&amp#27;[0m                                       &amp#27;[90m# steps.StepDefinitions.setUp(java.lang.String)&amp#27;[0m
  &amp#27;[32mWhen &amp#27;[0m&amp#27;[32mEu adicionar um cliente usando metodo POST porém sem content-type no header&amp#27;[0m &amp#27;[90m# steps.StepDefinitions.cadastrarNovoClienteSemContentTypeNoHeader()&amp#27;[0m
  &amp#27;[32mThen &amp#27;[0m&amp#27;[32mEu devo verificar que o HTTP StatusCode retornado é &amp#27;[0m&amp#27;[32m&amp#27;[1m415&amp#27;[0m                     &amp#27;[90m# steps.StepDefinitions.validarStatusCode(int)&amp#27;[0m
]]></system-out>
  </testcase>
  <testcase name="runScenario[&quot;Cadastrar um novo cliente sem enviar o corpo obrigatório da request&quot;, &quot;Optional[Cadastrar Novos Clientes]&quot;](5)" classname="runner.TestRunner" time="0.062">
    <system-out><![CDATA[
@FullTesting @NegativeTesting
Scenario: Cadastrar um novo cliente sem enviar o corpo obrigatório da request          &amp#27;[90m# src/test/java/features/CadastrarClientes.feature:32&amp#27;[0m
  &amp#27;[32mGiven &amp#27;[0m&amp#27;[32mEu tenha acesso ao endpoint &amp#27;[0m&amp#27;[32m&amp#27;[1m/pessoas&amp#27;[0m                                           &amp#27;[90m# steps.StepDefinitions.setUp(java.lang.String)&amp#27;[0m
  &amp#27;[32mWhen &amp#27;[0m&amp#27;[32mEu adicionar um cliente usando metodo POST porém com corpo da request em branco&amp#27;[0m &amp#27;[90m# steps.StepDefinitions.cadastrarNovoClienteComCorpoDaRequestEmBranco()&amp#27;[0m
  &amp#27;[32mThen &amp#27;[0m&amp#27;[32mEu devo verificar que o HTTP StatusCode retornado é &amp#27;[0m&amp#27;[32m&amp#27;[1m400&amp#27;[0m                         &amp#27;[90m# steps.StepDefinitions.validarStatusCode(int)&amp#27;[0m
]]></system-out>
  </testcase>
  <testcase name="runScenario[&quot;Cadastrar um novo cliente com o corpo obrigatório da request incompleto&quot;, &quot;Optional[Cadastrar Novos Clientes]&quot;](6)" classname="runner.TestRunner" time="0.139">
    <failure message="expected:&lt;400&gt; but was:&lt;500&gt;" type="java.lang.AssertionError"><![CDATA[java.lang.AssertionError: expected:<400> but was:<500>
]]></failure>
    <system-out><![CDATA[
@FullTesting @NegativeTesting
Scenario: Cadastrar um novo cliente com o corpo obrigatório da request incompleto     &amp#27;[90m# src/test/java/features/CadastrarClientes.feature:38&amp#27;[0m
  &amp#27;[32mGiven &amp#27;[0m&amp#27;[32mEu tenha acesso ao endpoint &amp#27;[0m&amp#27;[32m&amp#27;[1m/pessoas&amp#27;[0m                                          &amp#27;[90m# steps.StepDefinitions.setUp(java.lang.String)&amp#27;[0m
  &amp#27;[32mWhen &amp#27;[0m&amp#27;[32mEu adicionar um cliente usando metodo POST porém com corpo da request inválido&amp#27;[0m &amp#27;[90m# steps.StepDefinitions.cadastrarNovoClienteComCorpoDaRequestInvalido()&amp#27;[0m
  &amp#27;[31mThen &amp#27;[0m&amp#27;[31mEu devo verificar que o HTTP StatusCode retornado é &amp#27;[0m&amp#27;[31m&amp#27;[1m400&amp#27;[0m                        &amp#27;[90m# steps.StepDefinitions.validarStatusCode(int)&amp#27;[0m
      &amp#27;[31mjava.lang.AssertionError: expected:<400> but was:<500>
	at org.junit.Assert.fail(Assert.java:89)
	at org.junit.Assert.failNotEquals(Assert.java:835)
	at org.junit.Assert.assertEquals(Assert.java:647)
	at org.junit.Assert.assertEquals(Assert.java:633)
	at steps.StepDefinitions.validarStatusCode(StepDefinitions.java:66)
	at ✽.Eu devo verificar que o HTTP StatusCode retornado é 400(file:///home/mkapobianco/Projects/TestesAutomatizadosBrasilPrev/src/test/java/features/CadastrarClientes.feature:41)
&amp#27;[0m
  &amp#27;[36mAnd &amp#27;[0m&amp#27;[36mEu devo ver a mensagem de erro &amp#27;[0m&amp#27;[36m&amp#27;[1m"O corpo da Request está fora do padrão"&amp#27;[0m         &amp#27;[90m# steps.StepDefinitions.validarMensagemDeErro(java.lang.String)&amp#27;[0m
]]></system-out>
  </testcase>
  <testcase name="runScenario[&quot;Cadastrar um novo cliente com nome de campos errados no corpo do request&quot;, &quot;Optional[Cadastrar Novos Clientes]&quot;](7)" classname="runner.TestRunner" time="0.04">
    <failure message="expected:&lt;400&gt; but was:&lt;500&gt;" type="java.lang.AssertionError"><![CDATA[java.lang.AssertionError: expected:<400> but was:<500>
]]></failure>
    <system-out><![CDATA[
@FullTesting @NegativeTesting
Scenario: Cadastrar um novo cliente com nome de campos errados no corpo do request           &amp#27;[90m# src/test/java/features/CadastrarClientes.feature:45&amp#27;[0m
  &amp#27;[32mGiven &amp#27;[0m&amp#27;[32mEu tenha acesso ao endpoint &amp#27;[0m&amp#27;[32m&amp#27;[1m/pessoas&amp#27;[0m                                                 &amp#27;[90m# steps.StepDefinitions.setUp(java.lang.String)&amp#27;[0m
  &amp#27;[32mWhen &amp#27;[0m&amp#27;[32mEu adicionar um cliente usando metodo POST porém com nomes de campos errados no corpo&amp#27;[0m &amp#27;[90m# steps.StepDefinitions.cadastrarNovoClienteComNomesDeCamposErradosNoCorpo()&amp#27;[0m
  &amp#27;[31mThen &amp#27;[0m&amp#27;[31mEu devo verificar que o HTTP StatusCode retornado é &amp#27;[0m&amp#27;[31m&amp#27;[1m400&amp#27;[0m                               &amp#27;[90m# steps.StepDefinitions.validarStatusCode(int)&amp#27;[0m
      &amp#27;[31mjava.lang.AssertionError: expected:<400> but was:<500>
	at org.junit.Assert.fail(Assert.java:89)
	at org.junit.Assert.failNotEquals(Assert.java:835)
	at org.junit.Assert.assertEquals(Assert.java:647)
	at org.junit.Assert.assertEquals(Assert.java:633)
	at steps.StepDefinitions.validarStatusCode(StepDefinitions.java:66)
	at ✽.Eu devo verificar que o HTTP StatusCode retornado é 400(file:///home/mkapobianco/Projects/TestesAutomatizadosBrasilPrev/src/test/java/features/CadastrarClientes.feature:48)
&amp#27;[0m
  &amp#27;[36mAnd &amp#27;[0m&amp#27;[36mEu devo ver a mensagem de erro &amp#27;[0m&amp#27;[36m&amp#27;[1m"O corpo da Request está fora do padrão"&amp#27;[0m                &amp#27;[90m# steps.StepDefinitions.validarMensagemDeErro(java.lang.String)&amp#27;[0m
]]></system-out>
  </testcase>
  <testcase name="runScenario[&quot;Cadastrar um novo cliente utilizando um endpoint incorreto&quot;, &quot;Optional[Cadastrar Novos Clientes]&quot;](8)" classname="runner.TestRunner" time="0.042">
    <system-out><![CDATA[
@FullTesting @NegativeTesting
Scenario: Cadastrar um novo cliente utilizando um endpoint incorreto &amp#27;[90m# src/test/java/features/CadastrarClientes.feature:52&amp#27;[0m
  &amp#27;[32mGiven &amp#27;[0m&amp#27;[32mEu acesse um endpoint invalido como &amp#27;[0m&amp#27;[32m&amp#27;[1m/pessoa&amp#27;[0m                  &amp#27;[90m# steps.StepDefinitions.setUpPathIncorreto(java.lang.String)&amp#27;[0m
  &amp#27;[32mWhen &amp#27;[0m&amp#27;[32mEu adicionar um cliente usando metodo POST&amp#27;[0m                    &amp#27;[90m# steps.StepDefinitions.cadastrarNovoCliente()&amp#27;[0m
  &amp#27;[32mThen &amp#27;[0m&amp#27;[32mEu devo verificar que o HTTP StatusCode retornado é &amp#27;[0m&amp#27;[32m&amp#27;[1m404&amp#27;[0m       &amp#27;[90m# steps.StepDefinitions.validarStatusCode(int)&amp#27;[0m
]]></system-out>
  </testcase>
  <testcase name="runScenario[&quot;Cadastrar um novo cliente com tipagem errada dos campos no corpo do request&quot;, &quot;Optional[Cadastrar Novos Clientes]&quot;](9)" classname="runner.TestRunner" time="0.068">
    <failure message="expected:&lt;400&gt; but was:&lt;201&gt;" type="java.lang.AssertionError"><![CDATA[java.lang.AssertionError: expected:<400> but was:<201>
]]></failure>
    <system-out><![CDATA[
@FullTesting @NegativeTesting
Scenario: Cadastrar um novo cliente com tipagem errada dos campos no corpo do request                     &amp#27;[90m# src/test/java/features/CadastrarClientes.feature:58&amp#27;[0m
  &amp#27;[32mGiven &amp#27;[0m&amp#27;[32mEu tenha acesso ao endpoint &amp#27;[0m&amp#27;[32m&amp#27;[1m/pessoas&amp#27;[0m                                                              &amp#27;[90m# steps.StepDefinitions.setUp(java.lang.String)&amp#27;[0m
  &amp#27;[32mWhen &amp#27;[0m&amp#27;[32mEu adicionar um cliente usando metodo POST porém com tipagem errada dos campos no corpo do request&amp#27;[0m &amp#27;[90m# steps.StepDefinitions.cadastrarNovoClienteUtilizandoTipagemErradaNoCampoDoRequest()&amp#27;[0m
  &amp#27;[31mThen &amp#27;[0m&amp#27;[31mEu devo verificar que o HTTP StatusCode retornado é &amp#27;[0m&amp#27;[31m&amp#27;[1m400&amp#27;[0m                                            &amp#27;[90m# steps.StepDefinitions.validarStatusCode(int)&amp#27;[0m
      &amp#27;[31mjava.lang.AssertionError: expected:<400> but was:<201>
	at org.junit.Assert.fail(Assert.java:89)
	at org.junit.Assert.failNotEquals(Assert.java:835)
	at org.junit.Assert.assertEquals(Assert.java:647)
	at org.junit.Assert.assertEquals(Assert.java:633)
	at steps.StepDefinitions.validarStatusCode(StepDefinitions.java:66)
	at ✽.Eu devo verificar que o HTTP StatusCode retornado é 400(file:///home/mkapobianco/Projects/TestesAutomatizadosBrasilPrev/src/test/java/features/CadastrarClientes.feature:61)
&amp#27;[0m
  &amp#27;[36mAnd &amp#27;[0m&amp#27;[36mEu devo ver a mensagem de erro &amp#27;[0m&amp#27;[36m&amp#27;[1m"O corpo da Request está fora do padrão"&amp#27;[0m                             &amp#27;[90m# steps.StepDefinitions.validarMensagemDeErro(java.lang.String)&amp#27;[0m
]]></system-out>
  </testcase>
  <testcase name="runScenario[&quot;Pesquisar um cliente existente&quot;, &quot;Optional[Pesquisar Clientes]&quot;](10)" classname="runner.TestRunner" time="0.202">
    <system-out><![CDATA[
@FullTesting @SmokeTesting
Scenario: Pesquisar um cliente existente                                                  &amp#27;[90m# src/test/java/features/PesquisarClientes.feature:5&amp#27;[0m
  &amp#27;[32mGiven &amp#27;[0m&amp#27;[32mEu tenha acesso ao endpoint &amp#27;[0m&amp#27;[32m&amp#27;[1m/pessoas&amp#27;[0m                                              &amp#27;[90m# steps.StepDefinitions.setUp(java.lang.String)&amp#27;[0m
  &amp#27;[32mWhen &amp#27;[0m&amp#27;[32mEu fizer uma pesquisa usando metodo GET informando DDD &amp#27;[0m&amp#27;[32m&amp#27;[1m"11"&amp#27;[0m&amp#27;[32m e o numero &amp#27;[0m&amp#27;[32m&amp#27;[1m"985388877"&amp#27;[0m &amp#27;[90m# steps.StepDefinitions.pesquisarUsuarioPorDDDeNumero(java.lang.String,java.lang.String)&amp#27;[0m
  &amp#27;[32mAnd &amp#27;[0m&amp#27;[32mEu devo ver que o corpo de resposta retornado esta dentro do especificado&amp#27;[0m           &amp#27;[90m# steps.StepDefinitions.validarCadastroDeNovoCliente()&amp#27;[0m
]]></system-out>
  </testcase>
  <testcase name="runScenario[&quot;Confirmar que o HTTP StatusCode de uma pesquisa está correto&quot;, &quot;Optional[Pesquisar Clientes]&quot;](11)" classname="runner.TestRunner" time="0.037">
    <system-out><![CDATA[
@FullTesting @SmokeTesting
Scenario: Confirmar que o HTTP StatusCode de uma pesquisa está correto                    &amp#27;[90m# src/test/java/features/PesquisarClientes.feature:11&amp#27;[0m
  &amp#27;[32mGiven &amp#27;[0m&amp#27;[32mEu tenha acesso ao endpoint &amp#27;[0m&amp#27;[32m&amp#27;[1m/pessoas&amp#27;[0m                                              &amp#27;[90m# steps.StepDefinitions.setUp(java.lang.String)&amp#27;[0m
  &amp#27;[32mWhen &amp#27;[0m&amp#27;[32mEu fizer uma pesquisa usando metodo GET informando DDD &amp#27;[0m&amp#27;[32m&amp#27;[1m"11"&amp#27;[0m&amp#27;[32m e o numero &amp#27;[0m&amp#27;[32m&amp#27;[1m"985388877"&amp#27;[0m &amp#27;[90m# steps.StepDefinitions.pesquisarUsuarioPorDDDeNumero(java.lang.String,java.lang.String)&amp#27;[0m
  &amp#27;[32mThen &amp#27;[0m&amp#27;[32mEu devo verificar que o HTTP StatusCode retornado é &amp#27;[0m&amp#27;[32m&amp#27;[1m200&amp#27;[0m                            &amp#27;[90m# steps.StepDefinitions.validarStatusCode(int)&amp#27;[0m
]]></system-out>
  </testcase>
  <testcase name="runScenario[&quot;Pesquisar um cliente utilizando um telefone inexistente na busca&quot;, &quot;Optional[Pesquisar Clientes]&quot;](12)" classname="runner.TestRunner" time="0.031">
    <system-out><![CDATA[
@FullTesting @NegativeTesting
Scenario: Pesquisar um cliente utilizando um telefone inexistente na busca                &amp#27;[90m# src/test/java/features/PesquisarClientes.feature:17&amp#27;[0m
  &amp#27;[32mGiven &amp#27;[0m&amp#27;[32mEu tenha acesso ao endpoint &amp#27;[0m&amp#27;[32m&amp#27;[1m/pessoas&amp#27;[0m                                              &amp#27;[90m# steps.StepDefinitions.setUp(java.lang.String)&amp#27;[0m
  &amp#27;[32mWhen &amp#27;[0m&amp#27;[32mEu fizer uma pesquisa usando metodo GET informando DDD &amp#27;[0m&amp#27;[32m&amp#27;[1m"11"&amp#27;[0m&amp#27;[32m e o numero &amp#27;[0m&amp#27;[32m&amp#27;[1m"789488877"&amp#27;[0m &amp#27;[90m# steps.StepDefinitions.pesquisarUsuarioPorDDDeNumero(java.lang.String,java.lang.String)&amp#27;[0m
  &amp#27;[32mThen &amp#27;[0m&amp#27;[32mEu devo ver a mensagem de erro &amp#27;[0m&amp#27;[32m&amp#27;[1m"Não existe pessoa com o telefone (11)789488877"&amp#27;[0m    &amp#27;[90m# steps.StepDefinitions.validarMensagemDeErro(java.lang.String)&amp#27;[0m
]]></system-out>
  </testcase>
  <testcase name="runScenario[&quot;Pesquisar um cliente utilizando um DDD inexistente na busca&quot;, &quot;Optional[Pesquisar Clientes]&quot;](13)" classname="runner.TestRunner" time="0.039">
    <system-out><![CDATA[
@FullTesting @NegativeTesting
Scenario: Pesquisar um cliente utilizando um DDD inexistente na busca                     &amp#27;[90m# src/test/java/features/PesquisarClientes.feature:23&amp#27;[0m
  &amp#27;[32mGiven &amp#27;[0m&amp#27;[32mEu tenha acesso ao endpoint &amp#27;[0m&amp#27;[32m&amp#27;[1m/pessoas&amp#27;[0m                                              &amp#27;[90m# steps.StepDefinitions.setUp(java.lang.String)&amp#27;[0m
  &amp#27;[32mWhen &amp#27;[0m&amp#27;[32mEu fizer uma pesquisa usando metodo GET informando DDD &amp#27;[0m&amp#27;[32m&amp#27;[1m"99"&amp#27;[0m&amp#27;[32m e o numero &amp#27;[0m&amp#27;[32m&amp#27;[1m"985388877"&amp#27;[0m &amp#27;[90m# steps.StepDefinitions.pesquisarUsuarioPorDDDeNumero(java.lang.String,java.lang.String)&amp#27;[0m
  &amp#27;[32mThen &amp#27;[0m&amp#27;[32mEu devo ver a mensagem de erro &amp#27;[0m&amp#27;[32m&amp#27;[1m"Não existe pessoa com o telefone (99)985388877"&amp#27;[0m    &amp#27;[90m# steps.StepDefinitions.validarMensagemDeErro(java.lang.String)&amp#27;[0m
]]></system-out>
  </testcase>
  <testcase name="runScenario[&quot;Pesquisar um cliente utilizando DDD e o nome do cliente na busca&quot;, &quot;Optional[Pesquisar Clientes]&quot;](14)" classname="runner.TestRunner" time="0.038">
    <system-out><![CDATA[
@FullTesting @NegativeTesting
Scenario: Pesquisar um cliente utilizando DDD e o nome do cliente na busca                 &amp#27;[90m# src/test/java/features/PesquisarClientes.feature:29&amp#27;[0m
  &amp#27;[32mGiven &amp#27;[0m&amp#27;[32mEu tenha acesso ao endpoint &amp#27;[0m&amp#27;[32m&amp#27;[1m/pessoas&amp#27;[0m                                               &amp#27;[90m# steps.StepDefinitions.setUp(java.lang.String)&amp#27;[0m
  &amp#27;[32mWhen &amp#27;[0m&amp#27;[32mEu fizer uma pesquisa usando metodo GET informando DDD &amp#27;[0m&amp#27;[32m&amp#27;[1m"11"&amp#27;[0m&amp#27;[32m e o numero &amp#27;[0m&amp#27;[32m&amp#27;[1m"Rommel Von"&amp#27;[0m &amp#27;[90m# steps.StepDefinitions.pesquisarUsuarioPorDDDeNumero(java.lang.String,java.lang.String)&amp#27;[0m
  &amp#27;[32mThen &amp#27;[0m&amp#27;[32mEu devo verificar que o HTTP StatusCode retornado é &amp#27;[0m&amp#27;[32m&amp#27;[1m404&amp#27;[0m                             &amp#27;[90m# steps.StepDefinitions.validarStatusCode(int)&amp#27;[0m
]]></system-out>
  </testcase>
  <testcase name="runScenario[&quot;Pesquisar um cliente utilizando um endpoint incorreto&quot;, &quot;Optional[Pesquisar Clientes]&quot;](15)" classname="runner.TestRunner" time="0.024">
    <system-out><![CDATA[
@FullTesting @NegativeTesting
Scenario: Pesquisar um cliente utilizando um endpoint incorreto                           &amp#27;[90m# src/test/java/features/PesquisarClientes.feature:35&amp#27;[0m
  &amp#27;[32mGiven &amp#27;[0m&amp#27;[32mEu acesse um endpoint invalido como &amp#27;[0m&amp#27;[32m&amp#27;[1m/cliente&amp#27;[0m                                      &amp#27;[90m# steps.StepDefinitions.setUpPathIncorreto(java.lang.String)&amp#27;[0m
  &amp#27;[32mWhen &amp#27;[0m&amp#27;[32mEu fizer uma pesquisa usando metodo GET informando DDD &amp#27;[0m&amp#27;[32m&amp#27;[1m"11"&amp#27;[0m&amp#27;[32m e o numero &amp#27;[0m&amp#27;[32m&amp#27;[1m"985388877"&amp#27;[0m &amp#27;[90m# steps.StepDefinitions.pesquisarUsuarioPorDDDeNumero(java.lang.String,java.lang.String)&amp#27;[0m
  &amp#27;[32mThen &amp#27;[0m&amp#27;[32mEu devo verificar que o HTTP StatusCode retornado é &amp#27;[0m&amp#27;[32m&amp#27;[1m404&amp#27;[0m                            &amp#27;[90m# steps.StepDefinitions.validarStatusCode(int)&amp#27;[0m
]]></system-out>
  </testcase>
</testsuite>