<?xml version="1.0" encoding="UTF-8"?>
<testng-results skipped="0" failed="3" ignored="0" total="15" passed="12">
  <reporter-output>
  </reporter-output>
  <suite name="Surefire suite" duration-ms="6236" started-at="2021-02-17T09:56:30 BRT" finished-at="2021-02-17T09:56:37 BRT">
    <groups>
      <group name="cucumber">
        <method signature="AbstractTestNGCucumberTests.runScenario(io.cucumber.testng.PickleWrapper, io.cucumber.testng.FeatureWrapper)[pri:0, instance:runner.TestRunner@43814d18]" name="runScenario" class="io.cucumber.testng.AbstractTestNGCucumberTests"/>
      </group> <!-- cucumber -->
    </groups>
    <test name="Surefire test" duration-ms="6236" started-at="2021-02-17T09:56:30 BRT" finished-at="2021-02-17T09:56:37 BRT">
      <class name="runner.TestRunner">
        <test-method status="PASS" signature="setUpClass()[pri:0, instance:runner.TestRunner@43814d18]" name="setUpClass" is-config="true" duration-ms="652" started-at="2021-02-17T09:56:30 BRT" finished-at="2021-02-17T09:56:31 BRT">
          <reporter-output>
          </reporter-output>
        </test-method> <!-- setUpClass -->
        <test-method status="PASS" signature="runScenario(io.cucumber.testng.PickleWrapper, io.cucumber.testng.FeatureWrapper)[pri:0, instance:runner.TestRunner@43814d18]" name="runScenario" duration-ms="4386" started-at="2021-02-17T09:56:31 BRT" description="Runs Cucumber Scenarios" data-provider="scenarios" finished-at="2021-02-17T09:56:36 BRT">
          <params>
            <param index="0">
              <value>
                <![CDATA["Cadastrar um novo cliente"]]>
              </value>
            </param>
            <param index="1">
              <value>
                <![CDATA["Optional[Cadastrar Novos Clientes]"]]>
              </value>
            </param>
          </params>
          <reporter-output>
          </reporter-output>
        </test-method> <!-- runScenario -->
        <test-method status="PASS" signature="runScenario(io.cucumber.testng.PickleWrapper, io.cucumber.testng.FeatureWrapper)[pri:0, instance:runner.TestRunner@43814d18]" name="runScenario" duration-ms="71" started-at="2021-02-17T09:56:36 BRT" description="Runs Cucumber Scenarios" data-provider="scenarios" finished-at="2021-02-17T09:56:36 BRT">
          <params>
            <param index="0">
              <value>
                <![CDATA["Cadastrar cliente utilizando um CPF já cadastrado"]]>
              </value>
            </param>
            <param index="1">
              <value>
                <![CDATA["Optional[Cadastrar Novos Clientes]"]]>
              </value>
            </param>
          </params>
          <reporter-output>
          </reporter-output>
        </test-method> <!-- runScenario -->
        <test-method status="PASS" signature="runScenario(io.cucumber.testng.PickleWrapper, io.cucumber.testng.FeatureWrapper)[pri:0, instance:runner.TestRunner@43814d18]" name="runScenario" duration-ms="51" started-at="2021-02-17T09:56:36 BRT" description="Runs Cucumber Scenarios" data-provider="scenarios" finished-at="2021-02-17T09:56:36 BRT">
          <params>
            <param index="0">
              <value>
                <![CDATA["Cadastrar cliente utilizando um Telefone já cadastrado"]]>
              </value>
            </param>
            <param index="1">
              <value>
                <![CDATA["Optional[Cadastrar Novos Clientes]"]]>
              </value>
            </param>
          </params>
          <reporter-output>
          </reporter-output>
        </test-method> <!-- runScenario -->
        <test-method status="PASS" signature="runScenario(io.cucumber.testng.PickleWrapper, io.cucumber.testng.FeatureWrapper)[pri:0, instance:runner.TestRunner@43814d18]" name="runScenario" duration-ms="60" started-at="2021-02-17T09:56:36 BRT" description="Runs Cucumber Scenarios" data-provider="scenarios" finished-at="2021-02-17T09:56:36 BRT">
          <params>
            <param index="0">
              <value>
                <![CDATA["Cadastrar um novo cliente com header da request incompleto"]]>
              </value>
            </param>
            <param index="1">
              <value>
                <![CDATA["Optional[Cadastrar Novos Clientes]"]]>
              </value>
            </param>
          </params>
          <reporter-output>
          </reporter-output>
        </test-method> <!-- runScenario -->
        <test-method status="PASS" signature="runScenario(io.cucumber.testng.PickleWrapper, io.cucumber.testng.FeatureWrapper)[pri:0, instance:runner.TestRunner@43814d18]" name="runScenario" duration-ms="55" started-at="2021-02-17T09:56:36 BRT" description="Runs Cucumber Scenarios" data-provider="scenarios" finished-at="2021-02-17T09:56:36 BRT">
          <params>
            <param index="0">
              <value>
                <![CDATA["Cadastrar um novo cliente sem enviar o corpo obrigatório da request"]]>
              </value>
            </param>
            <param index="1">
              <value>
                <![CDATA["Optional[Cadastrar Novos Clientes]"]]>
              </value>
            </param>
          </params>
          <reporter-output>
          </reporter-output>
        </test-method> <!-- runScenario -->
        <test-method status="FAIL" signature="runScenario(io.cucumber.testng.PickleWrapper, io.cucumber.testng.FeatureWrapper)[pri:0, instance:runner.TestRunner@43814d18]" name="runScenario" duration-ms="136" started-at="2021-02-17T09:56:36 BRT" description="Runs Cucumber Scenarios" data-provider="scenarios" finished-at="2021-02-17T09:56:36 BRT">
          <params>
            <param index="0">
              <value>
                <![CDATA["Cadastrar um novo cliente com o corpo obrigatório da request incompleto"]]>
              </value>
            </param>
            <param index="1">
              <value>
                <![CDATA["Optional[Cadastrar Novos Clientes]"]]>
              </value>
            </param>
          </params>
          <exception class="java.lang.AssertionError">
            <message>
              <![CDATA[expected:<400> but was:<500>]]>
            </message>
            <full-stacktrace>
              <![CDATA[java.lang.AssertionError: expected:<400> but was:<500>
at org.junit.Assert.fail(Assert.java:89)
at org.junit.Assert.failNotEquals(Assert.java:835)
at org.junit.Assert.assertEquals(Assert.java:647)
at org.junit.Assert.assertEquals(Assert.java:633)
at steps.StepDefinitions.validarStatusCode(StepDefinitions.java:66)
at ✽.Eu devo verificar que o HTTP StatusCode retornado é 400(file:///home/mkapobianco/Projects/TestesAutomatizadosBrasilPrev/src/test/java/features/CadastrarClientes.feature:41)
]]>
            </full-stacktrace>
          </exception> <!-- java.lang.AssertionError -->
          <reporter-output>
          </reporter-output>
        </test-method> <!-- runScenario -->
        <test-method status="FAIL" signature="runScenario(io.cucumber.testng.PickleWrapper, io.cucumber.testng.FeatureWrapper)[pri:0, instance:runner.TestRunner@43814d18]" name="runScenario" duration-ms="40" started-at="2021-02-17T09:56:36 BRT" description="Runs Cucumber Scenarios" data-provider="scenarios" finished-at="2021-02-17T09:56:36 BRT">
          <params>
            <param index="0">
              <value>
                <![CDATA["Cadastrar um novo cliente com nome de campos errados no corpo do request"]]>
              </value>
            </param>
            <param index="1">
              <value>
                <![CDATA["Optional[Cadastrar Novos Clientes]"]]>
              </value>
            </param>
          </params>
          <exception class="java.lang.AssertionError">
            <message>
              <![CDATA[expected:<400> but was:<500>]]>
            </message>
            <full-stacktrace>
              <![CDATA[java.lang.AssertionError: expected:<400> but was:<500>
at org.junit.Assert.fail(Assert.java:89)
at org.junit.Assert.failNotEquals(Assert.java:835)
at org.junit.Assert.assertEquals(Assert.java:647)
at org.junit.Assert.assertEquals(Assert.java:633)
at steps.StepDefinitions.validarStatusCode(StepDefinitions.java:66)
at ✽.Eu devo verificar que o HTTP StatusCode retornado é 400(file:///home/mkapobianco/Projects/TestesAutomatizadosBrasilPrev/src/test/java/features/CadastrarClientes.feature:48)
]]>
            </full-stacktrace>
          </exception> <!-- java.lang.AssertionError -->
          <reporter-output>
          </reporter-output>
        </test-method> <!-- runScenario -->
        <test-method status="PASS" signature="runScenario(io.cucumber.testng.PickleWrapper, io.cucumber.testng.FeatureWrapper)[pri:0, instance:runner.TestRunner@43814d18]" name="runScenario" duration-ms="40" started-at="2021-02-17T09:56:36 BRT" description="Runs Cucumber Scenarios" data-provider="scenarios" finished-at="2021-02-17T09:56:36 BRT">
          <params>
            <param index="0">
              <value>
                <![CDATA["Cadastrar um novo cliente utilizando um endpoint incorreto"]]>
              </value>
            </param>
            <param index="1">
              <value>
                <![CDATA["Optional[Cadastrar Novos Clientes]"]]>
              </value>
            </param>
          </params>
          <reporter-output>
          </reporter-output>
        </test-method> <!-- runScenario -->
        <test-method status="FAIL" signature="runScenario(io.cucumber.testng.PickleWrapper, io.cucumber.testng.FeatureWrapper)[pri:0, instance:runner.TestRunner@43814d18]" name="runScenario" duration-ms="65" started-at="2021-02-17T09:56:36 BRT" description="Runs Cucumber Scenarios" data-provider="scenarios" finished-at="2021-02-17T09:56:36 BRT">
          <params>
            <param index="0">
              <value>
                <![CDATA["Cadastrar um novo cliente com tipagem errada dos campos no corpo do request"]]>
              </value>
            </param>
            <param index="1">
              <value>
                <![CDATA["Optional[Cadastrar Novos Clientes]"]]>
              </value>
            </param>
          </params>
          <exception class="java.lang.AssertionError">
            <message>
              <![CDATA[expected:<400> but was:<201>]]>
            </message>
            <full-stacktrace>
              <![CDATA[java.lang.AssertionError: expected:<400> but was:<201>
at org.junit.Assert.fail(Assert.java:89)
at org.junit.Assert.failNotEquals(Assert.java:835)
at org.junit.Assert.assertEquals(Assert.java:647)
at org.junit.Assert.assertEquals(Assert.java:633)
at steps.StepDefinitions.validarStatusCode(StepDefinitions.java:66)
at ✽.Eu devo verificar que o HTTP StatusCode retornado é 400(file:///home/mkapobianco/Projects/TestesAutomatizadosBrasilPrev/src/test/java/features/CadastrarClientes.feature:61)
]]>
            </full-stacktrace>
          </exception> <!-- java.lang.AssertionError -->
          <reporter-output>
          </reporter-output>
        </test-method> <!-- runScenario -->
        <test-method status="PASS" signature="runScenario(io.cucumber.testng.PickleWrapper, io.cucumber.testng.FeatureWrapper)[pri:0, instance:runner.TestRunner@43814d18]" name="runScenario" duration-ms="203" started-at="2021-02-17T09:56:36 BRT" description="Runs Cucumber Scenarios" data-provider="scenarios" finished-at="2021-02-17T09:56:36 BRT">
          <params>
            <param index="0">
              <value>
                <![CDATA["Pesquisar um cliente existente"]]>
              </value>
            </param>
            <param index="1">
              <value>
                <![CDATA["Optional[Pesquisar Clientes]"]]>
              </value>
            </param>
          </params>
          <reporter-output>
          </reporter-output>
        </test-method> <!-- runScenario -->
        <test-method status="PASS" signature="runScenario(io.cucumber.testng.PickleWrapper, io.cucumber.testng.FeatureWrapper)[pri:0, instance:runner.TestRunner@43814d18]" name="runScenario" duration-ms="32" started-at="2021-02-17T09:56:36 BRT" description="Runs Cucumber Scenarios" data-provider="scenarios" finished-at="2021-02-17T09:56:36 BRT">
          <params>
            <param index="0">
              <value>
                <![CDATA["Confirmar que o HTTP StatusCode de uma pesquisa está correto"]]>
              </value>
            </param>
            <param index="1">
              <value>
                <![CDATA["Optional[Pesquisar Clientes]"]]>
              </value>
            </param>
          </params>
          <reporter-output>
          </reporter-output>
        </test-method> <!-- runScenario -->
        <test-method status="PASS" signature="runScenario(io.cucumber.testng.PickleWrapper, io.cucumber.testng.FeatureWrapper)[pri:0, instance:runner.TestRunner@43814d18]" name="runScenario" duration-ms="30" started-at="2021-02-17T09:56:36 BRT" description="Runs Cucumber Scenarios" data-provider="scenarios" finished-at="2021-02-17T09:56:36 BRT">
          <params>
            <param index="0">
              <value>
                <![CDATA["Pesquisar um cliente utilizando um telefone inexistente na busca"]]>
              </value>
            </param>
            <param index="1">
              <value>
                <![CDATA["Optional[Pesquisar Clientes]"]]>
              </value>
            </param>
          </params>
          <reporter-output>
          </reporter-output>
        </test-method> <!-- runScenario -->
        <test-method status="PASS" signature="runScenario(io.cucumber.testng.PickleWrapper, io.cucumber.testng.FeatureWrapper)[pri:0, instance:runner.TestRunner@43814d18]" name="runScenario" duration-ms="35" started-at="2021-02-17T09:56:36 BRT" description="Runs Cucumber Scenarios" data-provider="scenarios" finished-at="2021-02-17T09:56:36 BRT">
          <params>
            <param index="0">
              <value>
                <![CDATA["Pesquisar um cliente utilizando um DDD inexistente na busca"]]>
              </value>
            </param>
            <param index="1">
              <value>
                <![CDATA["Optional[Pesquisar Clientes]"]]>
              </value>
            </param>
          </params>
          <reporter-output>
          </reporter-output>
        </test-method> <!-- runScenario -->
        <test-method status="PASS" signature="runScenario(io.cucumber.testng.PickleWrapper, io.cucumber.testng.FeatureWrapper)[pri:0, instance:runner.TestRunner@43814d18]" name="runScenario" duration-ms="37" started-at="2021-02-17T09:56:36 BRT" description="Runs Cucumber Scenarios" data-provider="scenarios" finished-at="2021-02-17T09:56:36 BRT">
          <params>
            <param index="0">
              <value>
                <![CDATA["Pesquisar um cliente utilizando DDD e o nome do cliente na busca"]]>
              </value>
            </param>
            <param index="1">
              <value>
                <![CDATA["Optional[Pesquisar Clientes]"]]>
              </value>
            </param>
          </params>
          <reporter-output>
          </reporter-output>
        </test-method> <!-- runScenario -->
        <test-method status="PASS" signature="runScenario(io.cucumber.testng.PickleWrapper, io.cucumber.testng.FeatureWrapper)[pri:0, instance:runner.TestRunner@43814d18]" name="runScenario" duration-ms="18" started-at="2021-02-17T09:56:36 BRT" description="Runs Cucumber Scenarios" data-provider="scenarios" finished-at="2021-02-17T09:56:36 BRT">
          <params>
            <param index="0">
              <value>
                <![CDATA["Pesquisar um cliente utilizando um endpoint incorreto"]]>
              </value>
            </param>
            <param index="1">
              <value>
                <![CDATA["Optional[Pesquisar Clientes]"]]>
              </value>
            </param>
          </params>
          <reporter-output>
          </reporter-output>
        </test-method> <!-- runScenario -->
        <test-method status="PASS" signature="tearDownClass()[pri:0, instance:runner.TestRunner@43814d18]" name="tearDownClass" is-config="true" duration-ms="211" started-at="2021-02-17T09:56:36 BRT" finished-at="2021-02-17T09:56:37 BRT">
          <reporter-output>
          </reporter-output>
        </test-method> <!-- tearDownClass -->
      </class> <!-- runner.TestRunner -->
    </test> <!-- Surefire test -->
  </suite> <!-- Surefire suite -->
</testng-results>
