<?xml version="1.0" encoding="UTF-8"?>
<testsuite xmlns:xsi="http://www.w3.org/2001/XMLSchema-instance" xsi:noNamespaceSchemaLocation="https://maven.apache.org/surefire/maven-surefire-plugin/xsd/surefire-test-report-3.0.xsd" version="3.0" name="runner.TestRunner" time="5.214" tests="14" errors="0" skipped="0" failures="3">
  <properties>
[...]
</properties>
  <testcase name="runScenario[&quot;Cadastrar um novo cliente&quot;, &quot;Optional[Cadastrar Novos Clientes]&quot;](1)" classname="runner.TestRunner" time="3.469">
    <system-out><![CDATA[
@FullTesting @SmokeTesting
Scenario: Cadastrar um novo cliente                                             # src/test/java/features/CadastrarClientes.feature:5
  Given Eu tenha acesso ao endpoint /pessoas                                    # steps.StepDefinitions.setUp(java.lang.String)
  When Eu adicionar um cliente usando metodo POST                               # steps.StepDefinitions.cadastrarNovoCliente()
  Then Eu devo verificar que o HTTP StatusCode retornado é 201                  # steps.StepDefinitions.validarStatusCode(int)
  And Eu devo ver que o corpo de resposta retornado esta dentro do especificado # steps.StepDefinitions.validarCadastroDeNovoCliente()
]]></system-out>
  </testcase>
  <testcase name="runScenario[&quot;Cadastrar cliente utilizando um CPF já cadastrado&quot;, &quot;Optional[Cadastrar Novos Clientes]&quot;](2)" classname="runner.TestRunner" time="0.06">
    <system-out><![CDATA[
@FullTesting @NegativeTesting
Scenario: Cadastrar cliente utilizando um CPF já cadastrado                              # src/test/java/features/CadastrarClientes.feature:12
  Given Eu tenha acesso ao endpoint /pessoas                                             # steps.StepDefinitions.setUp(java.lang.String)
  When Eu adicionar um cliente usando metodo POST                                        # steps.StepDefinitions.cadastrarNovoCliente()
  Then Eu devo verificar que o HTTP StatusCode retornado é 400                           # steps.StepDefinitions.validarStatusCode(int)
  And Eu devo ver a mensagem de erro "Já existe pessoa cadastrada com o CPF 12345678909" # steps.StepDefinitions.validarMensagemDeErro(java.lang.String)
]]></system-out>
  </testcase>
  <testcase name="runScenario[&quot;Cadastrar cliente utilizando um Telefone já cadastrado&quot;, &quot;Optional[Cadastrar Novos Clientes]&quot;](3)" classname="runner.TestRunner" time="0.057">
    <system-out><![CDATA[
@FullTesting @NegativeTesting
Scenario: Cadastrar cliente utilizando um Telefone já cadastrado                                            # src/test/java/features/CadastrarClientes.feature:19
  Given Eu tenha acesso ao endpoint /pessoas                                                                # steps.StepDefinitions.setUp(java.lang.String)
  When Eu adicionar um cliente usando metodo POST com CPF nunca cadastrado porém com telefone já cadastrado # steps.StepDefinitions.cadastrarNovoClienteComTelefoneJaCadastrado()
  Then Eu devo verificar que o HTTP StatusCode retornado é 400                                              # steps.StepDefinitions.validarStatusCode(int)
  And Eu devo ver a mensagem de erro "Já existe pessoa cadastrada com o Telefone (11)985388877"             # steps.StepDefinitions.validarMensagemDeErro(java.lang.String)
]]></system-out>
  </testcase>
  <testcase name="runScenario[&quot;Cadastrar um novo cliente com header da request incompleto&quot;, &quot;Optional[Cadastrar Novos Clientes]&quot;](4)" classname="runner.TestRunner" time="0.053">
    <system-out><![CDATA[
@FullTesting @NegativeTesting
Scenario: Cadastrar um novo cliente com header da request incompleto               # src/test/java/features/CadastrarClientes.feature:26
  Given Eu tenha acesso ao endpoint /pessoas                                       # steps.StepDefinitions.setUp(java.lang.String)
  When Eu adicionar um cliente usando metodo POST porém sem content-type no header # steps.StepDefinitions.cadastrarNovoClienteSemContentTypeNoHeader()
  Then Eu devo verificar que o HTTP StatusCode retornado é 415                     # steps.StepDefinitions.validarStatusCode(int)
]]></system-out>
  </testcase>
  <testcase name="runScenario[&quot;Cadastrar um novo cliente sem enviar o corpo obrigatório da request&quot;, &quot;Optional[Cadastrar Novos Clientes]&quot;](5)" classname="runner.TestRunner" time="0.04">
    <system-out><![CDATA[
@FullTesting @NegativeTesting
Scenario: Cadastrar um novo cliente sem enviar o corpo obrigatório da request          # src/test/java/features/CadastrarClientes.feature:32
  Given Eu tenha acesso ao endpoint /pessoas                                           # steps.StepDefinitions.setUp(java.lang.String)
  When Eu adicionar um cliente usando metodo POST porém com corpo da request em branco # steps.StepDefinitions.cadastrarNovoClienteComCorpoDaRequestEmBranco()
  Then Eu devo verificar que o HTTP StatusCode retornado é 400                         # steps.StepDefinitions.validarStatusCode(int)
]]></system-out>
  </testcase>
  <testcase name="runScenario[&quot;Cadastrar um novo cliente com o corpo obigatório da request incompleto&quot;, &quot;Optional[Cadastrar Novos Clientes]&quot;](6)" classname="runner.TestRunner" time="0.078">
    <failure message="expected:&lt;400&gt; but was:&lt;500&gt;" type="java.lang.AssertionError"><![CDATA[java.lang.AssertionError: expected:<400> but was:<500>
]]></failure>
    <system-out><![CDATA[
@FullTesting @NegativeTesting
Scenario: Cadastrar um novo cliente com o corpo obigatório da request incompleto      # src/test/java/features/CadastrarClientes.feature:38
  Given Eu tenha acesso ao endpoint /pessoas                                          # steps.StepDefinitions.setUp(java.lang.String)
  When Eu adicionar um cliente usando metodo POST porém com corpo da request inválido # steps.StepDefinitions.cadastrarNovoClienteComCorpoDaRequestInvalido()
  Then Eu devo verificar que o HTTP StatusCode retornado é 400                        # steps.StepDefinitions.validarStatusCode(int)
      java.lang.AssertionError: expected:<400> but was:<500>
	at org.junit.Assert.fail(Assert.java:89)
	at org.junit.Assert.failNotEquals(Assert.java:835)
	at org.junit.Assert.assertEquals(Assert.java:647)
	at org.junit.Assert.assertEquals(Assert.java:633)
	at steps.StepDefinitions.validarStatusCode(StepDefinitions.java:66)
	at ✽.Eu devo verificar que o HTTP StatusCode retornado é 400(file:///home/mkapobianco/Projects/TestesAutomatizadosBrasilPrev/src/test/java/features/CadastrarClientes.feature:41)

  And Eu devo ver a mensagem de erro "O corpo da Request está fora do padrão"         # steps.StepDefinitions.validarMensagemDeErro(java.lang.String)
]]></system-out>
  </testcase>
  <testcase name="runScenario[&quot;Cadastrar um novo cliente com nome de campos errados no corpo do request&quot;, &quot;Optional[Cadastrar Novos Clientes]&quot;](7)" classname="runner.TestRunner" time="0.048">
    <failure message="expected:&lt;400&gt; but was:&lt;500&gt;" type="java.lang.AssertionError"><![CDATA[java.lang.AssertionError: expected:<400> but was:<500>
]]></failure>
    <system-out><![CDATA[
@FullTesting @NegativeTesting
Scenario: Cadastrar um novo cliente com nome de campos errados no corpo do request           # src/test/java/features/CadastrarClientes.feature:45
  Given Eu tenha acesso ao endpoint /pessoas                                                 # steps.StepDefinitions.setUp(java.lang.String)
  When Eu adicionar um cliente usando metodo POST porém com nomes de campos errados no corpo # steps.StepDefinitions.cadastrarNovoClienteComNomesDeCamposErradosNoCorpo()
  Then Eu devo verificar que o HTTP StatusCode retornado é 400                               # steps.StepDefinitions.validarStatusCode(int)
      java.lang.AssertionError: expected:<400> but was:<500>
	at org.junit.Assert.fail(Assert.java:89)
	at org.junit.Assert.failNotEquals(Assert.java:835)
	at org.junit.Assert.assertEquals(Assert.java:647)
	at org.junit.Assert.assertEquals(Assert.java:633)
	at steps.StepDefinitions.validarStatusCode(StepDefinitions.java:66)
	at ✽.Eu devo verificar que o HTTP StatusCode retornado é 400(file:///home/mkapobianco/Projects/TestesAutomatizadosBrasilPrev/src/test/java/features/CadastrarClientes.feature:48)

  And Eu devo ver a mensagem de erro "O corpo da Request está fora do padrão"                # steps.StepDefinitions.validarMensagemDeErro(java.lang.String)
]]></system-out>
  </testcase>
  <testcase name="runScenario[&quot;Cadastrar um novo cliente utilizando um endpoint incorreto&quot;, &quot;Optional[Cadastrar Novos Clientes]&quot;](8)" classname="runner.TestRunner" time="0.028">
    <system-out><![CDATA[
@FullTesting @NegativeTesting
Scenario: Cadastrar um novo cliente utilizando um endpoint incorreto # src/test/java/features/CadastrarClientes.feature:52
  Given Eu acesse um endpoint invalido como /pessoa                  # steps.StepDefinitions.setUpPathIncorreto(java.lang.String)
  When Eu adicionar um cliente usando metodo POST                    # steps.StepDefinitions.cadastrarNovoCliente()
  Then Eu devo verificar que o HTTP StatusCode retornado é 404       # steps.StepDefinitions.validarStatusCode(int)
]]></system-out>
  </testcase>
  <testcase name="runScenario[&quot;Cadastrar um novo cliente com tipagem errada dos campos no corpo do request&quot;, &quot;Optional[Cadastrar Novos Clientes]&quot;](9)" classname="runner.TestRunner" time="0.045">
    <failure message="expected:&lt;400&gt; but was:&lt;201&gt;" type="java.lang.AssertionError"><![CDATA[java.lang.AssertionError: expected:<400> but was:<201>
]]></failure>
    <system-out><![CDATA[
@FullTesting @NegativeTesting
Scenario: Cadastrar um novo cliente com tipagem errada dos campos no corpo do request                     # src/test/java/features/CadastrarClientes.feature:58
  Given Eu tenha acesso ao endpoint /pessoas                                                              # steps.StepDefinitions.setUp(java.lang.String)
  When Eu adicionar um cliente usando metodo POST porém com tipagem errada dos campos no corpo do request # steps.StepDefinitions.cadastrarNovoClienteUtilizandoTipagemErradaNoCampoDoRequest()
  Then Eu devo verificar que o HTTP StatusCode retornado é 400                                            # steps.StepDefinitions.validarStatusCode(int)
      java.lang.AssertionError: expected:<400> but was:<201>
	at org.junit.Assert.fail(Assert.java:89)
	at org.junit.Assert.failNotEquals(Assert.java:835)
	at org.junit.Assert.assertEquals(Assert.java:647)
	at org.junit.Assert.assertEquals(Assert.java:633)
	at steps.StepDefinitions.validarStatusCode(StepDefinitions.java:66)
	at ✽.Eu devo verificar que o HTTP StatusCode retornado é 400(file:///home/mkapobianco/Projects/TestesAutomatizadosBrasilPrev/src/test/java/features/CadastrarClientes.feature:61)

  And Eu devo ver a mensagem de erro "O corpo da Request está fora do padrão"                             # steps.StepDefinitions.validarMensagemDeErro(java.lang.String)
]]></system-out>
  </testcase>
  <testcase name="runScenario[&quot;Pesquisar um cliente existente&quot;, &quot;Optional[Pesquisar Clientes]&quot;](10)" classname="runner.TestRunner" time="0.187">
    <system-out><![CDATA[
@FullTesting @SmokeTesting
Scenario: Pesquisar um cliente existente                                                  # src/test/java/features/PesquisarClientes.feature:5
  Given Eu tenha acesso ao endpoint /pessoas                                              # steps.StepDefinitions.setUp(java.lang.String)
  When Eu fizer uma pesquisa usando metodo GET informando DDD "11" e o numero "985388877" # steps.StepDefinitions.pesquisarUsuarioPorDDDeNumero(java.lang.String,java.lang.String)
  And Eu devo ver que o corpo de resposta retornado esta dentro do especificado           # steps.StepDefinitions.validarCadastroDeNovoCliente()
]]></system-out>
  </testcase>
  <testcase name="runScenario[&quot;Confirmar que o HTTP StatusCode de uma pesquisa está correto&quot;, &quot;Optional[Pesquisar Clientes]&quot;](11)" classname="runner.TestRunner" time="0.031">
    <system-out><![CDATA[
@FullTesting @SmokeTesting
Scenario: Confirmar que o HTTP StatusCode de uma pesquisa está correto                    # src/test/java/features/PesquisarClientes.feature:11
  Given Eu tenha acesso ao endpoint /pessoas                                              # steps.StepDefinitions.setUp(java.lang.String)
  When Eu fizer uma pesquisa usando metodo GET informando DDD "11" e o numero "985388877" # steps.StepDefinitions.pesquisarUsuarioPorDDDeNumero(java.lang.String,java.lang.String)
  Then Eu devo verificar que o HTTP StatusCode retornado é 200                            # steps.StepDefinitions.validarStatusCode(int)
]]></system-out>
  </testcase>
  <testcase name="runScenario[&quot;Pesquisar um cliente utilizando um telefone inexistente na busca&quot;, &quot;Optional[Pesquisar Clientes]&quot;](12)" classname="runner.TestRunner" time="0.039">
    <system-out><![CDATA[
@FullTesting @NegativeTesting
Scenario: Pesquisar um cliente utilizando um telefone inexistente na busca                # src/test/java/features/PesquisarClientes.feature:17
  Given Eu tenha acesso ao endpoint /pessoas                                              # steps.StepDefinitions.setUp(java.lang.String)
  When Eu fizer uma pesquisa usando metodo GET informando DDD "11" e o numero "789488877" # steps.StepDefinitions.pesquisarUsuarioPorDDDeNumero(java.lang.String,java.lang.String)
  Then Eu devo ver a mensagem de erro "Não existe pessoa com o telefone (11)789488877"    # steps.StepDefinitions.validarMensagemDeErro(java.lang.String)
]]></system-out>
  </testcase>
  <testcase name="runScenario[&quot;Pesquisar um cliente utilizando um DDD inexistente na busca&quot;, &quot;Optional[Pesquisar Clientes]&quot;](13)" classname="runner.TestRunner" time="0.033">
    <system-out><![CDATA[
@FullTesting @NegativeTesting
Scenario: Pesquisar um cliente utilizando um DDD inexistente na busca                     # src/test/java/features/PesquisarClientes.feature:23
  Given Eu tenha acesso ao endpoint /pessoas                                              # steps.StepDefinitions.setUp(java.lang.String)
  When Eu fizer uma pesquisa usando metodo GET informando DDD "99" e o numero "985388877" # steps.StepDefinitions.pesquisarUsuarioPorDDDeNumero(java.lang.String,java.lang.String)
  Then Eu devo ver a mensagem de erro "Não existe pessoa com o telefone (99)985388877"    # steps.StepDefinitions.validarMensagemDeErro(java.lang.String)
]]></system-out>
  </testcase>
  <testcase name="runScenario[&quot;Pesquisar um cliente utilizando um endpoint incorreto&quot;, &quot;Optional[Pesquisar Clientes]&quot;](14)" classname="runner.TestRunner" time="0.025">
    <system-out><![CDATA[
@FullTesting @NegativeTesting
Scenario: Pesquisar um cliente utilizando um endpoint incorreto                           # src/test/java/features/PesquisarClientes.feature:29
  Given Eu acesse um endpoint invalido como /cliente                                      # steps.StepDefinitions.setUpPathIncorreto(java.lang.String)
  When Eu fizer uma pesquisa usando metodo GET informando DDD "11" e o numero "985388877" # steps.StepDefinitions.pesquisarUsuarioPorDDDeNumero(java.lang.String,java.lang.String)
  Then Eu devo verificar que o HTTP StatusCode retornado é 404                            # steps.StepDefinitions.validarStatusCode(int)
]]></system-out>
  </testcase>
</testsuite>