<?xml version="1.0" encoding="UTF-8"?>
<testsuite xmlns:xsi="http://www.w3.org/2001/XMLSchema-instance" xsi:noNamespaceSchemaLocation="https://maven.apache.org/surefire/maven-surefire-plugin/xsd/surefire-test-report-3.0.xsd" version="3.0" name="runner.TestRunner" time="4.124" tests="3" errors="0" skipped="0" failures="2">
  <properties>
[...]
</properties>
  <testcase name="runScenario[&quot;Buscar um cliente existente&quot;, &quot;Optional[Buscar Clientes]&quot;](1)" classname="runner.TestRunner" time="2.377">
    <failure type="java.lang.NullPointerException"><![CDATA[java.lang.NullPointerException
]]></failure>
    <system-out><![CDATA[
@FullTesting @SmokeTesting
Scenario: Buscar um cliente existente                                                     # src/test/java/features/BuscarClientes.feature:5
  Given Eu tenha acesso ao endpoint /pessoas                                              # steps.StepDefinitions.setUp(java.lang.String)
  When Eu fizer uma pesquisa usando metodo GET informando DDD "11" e o numero "985388877" # steps.StepDefinitions.pesquisarUsuarioPorDDDeNumero(java.lang.String,java.lang.String)
  And Eu devo ver que o corpo de resposta retornado esta dentro do especificado           # steps.StepDefinitions.validarCadastroDeNovoCliente()
      java.lang.NullPointerException
	at steps.StepDefinitions.validarCadastroDeNovoCliente(StepDefinitions.java:160)
	at ✽.Eu devo ver que o corpo de resposta retornado esta dentro do especificado(file:///home/mkapobianco/Projects/TestesAutomatizadosBrasilPrev/src/test/java/features/BuscarClientes.feature:8)

]]></system-out>
  </testcase>
  <testcase name="runScenario[&quot;Confirmar que o HTTP StatusCode de uma pesquisa está correto&quot;, &quot;Optional[Buscar Clientes]&quot;](2)" classname="runner.TestRunner" time="0.183">
    <failure message="expected:&lt;200&gt; but was:&lt;404&gt;" type="java.lang.AssertionError"><![CDATA[java.lang.AssertionError: expected:<200> but was:<404>
]]></failure>
    <system-out><![CDATA[
@FullTesting @SmokeTesting
Scenario: Confirmar que o HTTP StatusCode de uma pesquisa está correto                    # src/test/java/features/BuscarClientes.feature:11
  Given Eu tenha acesso ao endpoint /pessoas                                              # steps.StepDefinitions.setUp(java.lang.String)
  When Eu fizer uma pesquisa usando metodo GET informando DDD "11" e o numero "985388877" # steps.StepDefinitions.pesquisarUsuarioPorDDDeNumero(java.lang.String,java.lang.String)
  Then Eu devo verificar que o HTTP StatusCode retornado é 200                            # steps.StepDefinitions.validarStatusCode(int)
      java.lang.AssertionError: expected:<200> but was:<404>
	at org.junit.Assert.fail(Assert.java:89)
	at org.junit.Assert.failNotEquals(Assert.java:835)
	at org.junit.Assert.assertEquals(Assert.java:647)
	at org.junit.Assert.assertEquals(Assert.java:633)
	at steps.StepDefinitions.validarStatusCode(StepDefinitions.java:155)
	at ✽.Eu devo verificar que o HTTP StatusCode retornado é 200(file:///home/mkapobianco/Projects/TestesAutomatizadosBrasilPrev/src/test/java/features/BuscarClientes.feature:14)

]]></system-out>
  </testcase>
  <testcase name="runScenario[&quot;Cadastrar um novo cliente&quot;, &quot;Optional[Cadastrar Novos Clientes]&quot;](3)" classname="runner.TestRunner" time="0.431">
    <system-out><![CDATA[
@FullTesting @SmokeTesting
Scenario: Cadastrar um novo cliente                                             # src/test/java/features/CadastrarClientes.feature:5
  Given Eu tenha acesso ao endpoint /pessoas                                    # steps.StepDefinitions.setUp(java.lang.String)
  When Eu adicionar um cliente usando metodo POST                               # steps.StepDefinitions.cadastrarNovoCliente()
  Then Eu devo verificar que o HTTP StatusCode retornado é 201                  # steps.StepDefinitions.validarStatusCode(int)
  And Eu devo ver que o corpo de resposta retornado esta dentro do especificado # steps.StepDefinitions.validarCadastroDeNovoCliente()
]]></system-out>
  </testcase>
</testsuite>